gua: ga kua
t is correct
gdnj:
sukhy:
m is correct
ryzfb:
j is correct
f is correct
hql: hq hl hjl ql
g is correct
ni is correct
ln is correct
wol: ol
jtakj:
m is correct
sdxw:
aokc:
nqc: nqa nqk nq nac
jdev:
uz: z u yz ur up nz hz zz ub oz ut az uzt uc sz uwz uh gz us ux kz vz jz pz
cp: p c cf yp cj up gp ce jcp qp fp rp wp ap lp ck ip cy np
qi: i q ai qr fi ti mi qp wi zi qm qt li qy qb xi ql qv vi ki qa si ni
thu: hu tlu
kkz: rkkz nkz kkr kz
khkei:
pdo: po
hxa: hya sxa hxp
osuv:
k is correct
wu is correct
orzo: oruo
xw: x w xl xn mw xsw bw xd xx xf xi xq xh jw lw ew nw dw xm jxw
sh: h svh s hh sd sv ss su nsh lh xh sfh sj wh bh sk sz shy uh sx ph gh dh si sm
efbzz:
rxza:
bhqsw:
n is correct
or: ot o yr ov qr ur ob r of nr ore lr oa od ir pr br oz hr os ol ar rr
ho: h o hv to hs bo hh hn hq hu hz hl mho hd zo hk po hr ko hf jo
xadk:
soy: shy
g is correct
jc is correct
ejxu:
aec: ae asc ec
p is correct
gisq:
fzptd:
v is correct
zhe: zee zke zue zhi lhe
